#
# There is insufficient memory for the Java Runtime Environment to continue.
# Native memory allocation (malloc) failed to allocate 1103296 bytes for Chunk::new
# Possible reasons:
#   The system is out of physical RAM or swap space
#   The process is running with CompressedOops enabled, and the Java Heap may be blocking the growth of the native heap
# Possible solutions:
#   Reduce memory load on the system
#   Increase physical memory or swap space
#   Check if swap backing store is full
#   Decrease Java heap size (-Xmx/-Xms)
#   Decrease number of Java threads
#   Decrease Java thread stack sizes (-Xss)
#   Set larger code cache with -XX:ReservedCodeCacheSize=
#   JVM is running with Unscaled Compressed Oops mode in which the Java heap is
#     placed in the first 4GB address space. The Java Heap base address is the
#     maximum limit for the native heap growth. Please use -XX:HeapBaseMinAddress
#     to set the Java Heap base and to place the Java Heap above 4GB virtual address.
# This output file may be truncated or incomplete.
#
#  Out of Memory Error (arena.cpp:189), pid=7104, tid=20088
#
# JRE version: Java(TM) SE Runtime Environment (17.0.12+8) (build 17.0.12+8-LTS-286)
# Java VM: Java HotSpot(TM) 64-Bit Server VM (17.0.12+8-LTS-286, mixed mode, sharing, tiered, compressed oops, compressed class ptrs, g1 gc, windows-amd64)
# No core dump will be written. Minidumps are not enabled by default on client versions of Windows
#

---------------  S U M M A R Y ------------

Command Line: -XX:+ShowCodeDetailsInExceptionMessages app.AppApplication

Host: 11th Gen Intel(R) Core(TM) i3-1115G4 @ 3.00GHz, 4 cores, 3G,  Windows 11 , 64 bit Build 26100 (10.0.26100.3775)
Time: Mon May  5 17:54:50 2025 Hora oficial do Brasil elapsed time: 12.499191 seconds (0d 0h 0m 12s)

---------------  T H R E A D  ---------------

Current thread (0x000002be6af19360):  JavaThread "C2 CompilerThread1" daemon [_thread_in_native, id=20088, stack(0x000000d2c9300000,0x000000d2c9400000)]


Current CompileTask:
C2:  12499 6215   !   4       org.springframework.core.annotation.AnnotationsScanner::processClassHierarchy (234 bytes)

Stack: [0x000000d2c9300000,0x000000d2c9400000]
Native frames: (J=compiled Java code, j=interpreted, Vv=VM code, C=native code)
V  [jvm.dll+0x67a04a]
V  [jvm.dll+0x7da4ed]
V  [jvm.dll+0x7dbe33]
V  [jvm.dll+0x7dc4a3]
V  [jvm.dll+0x24508f]
V  [jvm.dll+0xab773]
V  [jvm.dll+0xabd3c]
V  [jvm.dll+0x2aa52f]
V  [jvm.dll+0x581eb9]
V  [jvm.dll+0x21f422]
V  [jvm.dll+0x21f81f]
V  [jvm.dll+0x218aa0]
V  [jvm.dll+0x215b65]
V  [jvm.dll+0x1a2960]
V  [jvm.dll+0x22610b]
V  [jvm.dll+0x2242ab]
V  [jvm.dll+0x79075c]
V  [jvm.dll+0x78abea]
V  [jvm.dll+0x678f35]
C  [ucrtbase.dll+0x37b0]
C  [KERNEL32.DLL+0x2e8d7]
C  [ntdll.dll+0xb14fc]


---------------  P R O C E S S  ---------------

Threads class SMR info:
_java_thread_list=0x000002be68330e90, length=19, elements={
0x000002be47c7f9d0, 0x000002be47d3e970, 0x000002be62befff0, 0x000002be62c044e0,
0x000002be62c06dc0, 0x000002be62c07690, 0x000002be62c09640, 0x000002be62c10d50,
0x000002be62c16a40, 0x000002be62c19b40, 0x000002be67079110, 0x000002be6708d8b0,
0x000002be69116a50, 0x000002be68e63a10, 0x000002be6960d550, 0x000002be6a4231d0,
0x000002be694bdbb0, 0x000002be6a145fa0, 0x000002be6af19360
}

Java Threads: ( => current thread )
  0x000002be47c7f9d0 JavaThread "main" [_thread_in_Java, id=10384, stack(0x000000d2c7600000,0x000000d2c7700000)]
  0x000002be47d3e970 JavaThread "Reference Handler" daemon [_thread_blocked, id=9760, stack(0x000000d2c7d00000,0x000000d2c7e00000)]
  0x000002be62befff0 JavaThread "Finalizer" daemon [_thread_blocked, id=16676, stack(0x000000d2c7e00000,0x000000d2c7f00000)]
  0x000002be62c044e0 JavaThread "Signal Dispatcher" daemon [_thread_blocked, id=7512, stack(0x000000d2c7f00000,0x000000d2c8000000)]
  0x000002be62c06dc0 JavaThread "Attach Listener" daemon [_thread_blocked, id=19448, stack(0x000000d2c8000000,0x000000d2c8100000)]
  0x000002be62c07690 JavaThread "Service Thread" daemon [_thread_blocked, id=16984, stack(0x000000d2c8100000,0x000000d2c8200000)]
  0x000002be62c09640 JavaThread "Monitor Deflation Thread" daemon [_thread_blocked, id=13728, stack(0x000000d2c8200000,0x000000d2c8300000)]
  0x000002be62c10d50 JavaThread "C2 CompilerThread0" daemon [_thread_in_native, id=21156, stack(0x000000d2c8300000,0x000000d2c8400000)]
  0x000002be62c16a40 JavaThread "C1 CompilerThread0" daemon [_thread_blocked, id=18636, stack(0x000000d2c8400000,0x000000d2c8500000)]
  0x000002be62c19b40 JavaThread "Sweeper thread" daemon [_thread_blocked, id=11612, stack(0x000000d2c8500000,0x000000d2c8600000)]
  0x000002be67079110 JavaThread "Notification Thread" daemon [_thread_blocked, id=18196, stack(0x000000d2c8600000,0x000000d2c8700000)]
  0x000002be6708d8b0 JavaThread "Common-Cleaner" daemon [_thread_blocked, id=18104, stack(0x000000d2c8800000,0x000000d2c8900000)]
  0x000002be69116a50 JavaThread "mysql-cj-abandoned-connection-cleanup" daemon [_thread_blocked, id=11136, stack(0x000000d2c8c00000,0x000000d2c8d00000)]
  0x000002be68e63a10 JavaThread "HikariPool-1 housekeeper" daemon [_thread_blocked, id=17172, stack(0x000000d2c8e00000,0x000000d2c8f00000)]
  0x000002be6960d550 JavaThread "HikariPool-1 connection adder" daemon [_thread_blocked, id=2264, stack(0x000000d2c8f00000,0x000000d2c9000000)]
  0x000002be6a4231d0 JavaThread "Catalina-utility-1" [_thread_blocked, id=12352, stack(0x000000d2c9000000,0x000000d2c9100000)]
  0x000002be694bdbb0 JavaThread "Catalina-utility-2" [_thread_blocked, id=15604, stack(0x000000d2c9100000,0x000000d2c9200000)]
  0x000002be6a145fa0 JavaThread "container-0" [_thread_blocked, id=740, stack(0x000000d2c9200000,0x000000d2c9300000)]
=>0x000002be6af19360 JavaThread "C2 CompilerThread1" daemon [_thread_in_native, id=20088, stack(0x000000d2c9300000,0x000000d2c9400000)]

Other Threads:
  0x000002be47d35890 VMThread "VM Thread" [stack: 0x000000d2c7c00000,0x000000d2c7d00000] [id=7492]
  0x000002be67087620 WatcherThread [stack: 0x000000d2c8700000,0x000000d2c8800000] [id=1176]
  0x000002be47cc1e00 GCTaskThread "GC Thread#0" [stack: 0x000000d2c7700000,0x000000d2c7800000] [id=9228]
  0x000002be67929f60 GCTaskThread "GC Thread#1" [stack: 0x000000d2c8900000,0x000000d2c8a00000] [id=18416]
  0x000002be67942600 GCTaskThread "GC Thread#2" [stack: 0x000000d2c8a00000,0x000000d2c8b00000] [id=14124]
  0x000002be679428c0 GCTaskThread "GC Thread#3" [stack: 0x000000d2c8b00000,0x000000d2c8c00000] [id=12960]
  0x000002be47ccb2f0 ConcurrentGCThread "G1 Main Marker" [stack: 0x000000d2c7800000,0x000000d2c7900000] [id=19820]
  0x000002be47ccbc10 ConcurrentGCThread "G1 Conc#0" [stack: 0x000000d2c7900000,0x000000d2c7a00000] [id=11732]
  0x000002be47d0edf0 ConcurrentGCThread "G1 Refine#0" [stack: 0x000000d2c7a00000,0x000000d2c7b00000] [id=16732]
  0x000002be47d10740 ConcurrentGCThread "G1 Service" [stack: 0x000000d2c7b00000,0x000000d2c7c00000] [id=13100]

Threads with active compile tasks:
C2 CompilerThread0    12555 6249       4       org.springframework.core.ResolvableType::forType (112 bytes)
C1 CompilerThread0    12555 6291   !   2       jdk.proxy2.$Proxy39::annotationType (29 bytes)
C2 CompilerThread1    12555 6215   !   4       org.springframework.core.annotation.AnnotationsScanner::processClassHierarchy (234 bytes)

VM state: not at safepoint (normal execution)

VM Mutex/Monitor currently owned by a thread: None

Heap address: 0x00000000c4c00000, size: 948 MB, Compressed Oops mode: 32-bit

CDS archive(s) mapped at: [0x000002be00000000-0x000002be00bd0000-0x000002be00bd0000), size 12386304, SharedBaseAddress: 0x000002be00000000, ArchiveRelocationMode: 1.
Compressed class space mapped at: 0x000002be01000000-0x000002be41000000, reserved size: 1073741824
Narrow klass base: 0x000002be00000000, Narrow klass shift: 0, Narrow klass range: 0x100000000

GC Precious Log:
 CPUs: 4 total, 4 available
 Memory: 3790M
 Large Page Support: Disabled
 NUMA Support: Disabled
 Compressed Oops: Enabled (32-bit)
 Heap Region Size: 1M
 Heap Min Capacity: 8M
 Heap Initial Capacity: 60M
 Heap Max Capacity: 948M
 Pre-touch: Disabled
 Parallel Workers: 4
 Concurrent Workers: 1
 Concurrent Refinement Workers: 4
 Periodic GC: Disabled

Heap:
 garbage-first heap   total 70656K, used 48927K [0x00000000c4c00000, 0x0000000100000000)
  region size 1024K, 23 young (23552K), 3 survivors (3072K)
 Metaspace       used 71761K, committed 72320K, reserved 1114112K
  class space    used 10056K, committed 10304K, reserved 1048576K

Heap Regions: E=young(eden), S=young(survivor), O=old, HS=humongous(starts), HC=humongous(continues), CS=collection set, F=free, OA=open archive, CA=closed archive, TAMS=top-at-mark-start (previous, next)
|   0|0x00000000c4c00000, 0x00000000c4d00000, 0x00000000c4d00000|100%|HS|  |TAMS 0x00000000c4d00000, 0x00000000c4c00000| Complete 
|   1|0x00000000c4d00000, 0x00000000c4e00000, 0x00000000c4e00000|100%|HS|  |TAMS 0x00000000c4e00000, 0x00000000c4d00000| Complete 
|   2|0x00000000c4e00000, 0x00000000c4f00000, 0x00000000c4f00000|100%| O|  |TAMS 0x00000000c4f00000, 0x00000000c4e00000| Untracked 
|   3|0x00000000c4f00000, 0x00000000c5000000, 0x00000000c5000000|100%| O|  |TAMS 0x00000000c5000000, 0x00000000c4f00000| Untracked 
|   4|0x00000000c5000000, 0x00000000c5100000, 0x00000000c5100000|100%| O|  |TAMS 0x00000000c5100000, 0x00000000c5000000| Untracked 
|   5|0x00000000c5100000, 0x00000000c5200000, 0x00000000c5200000|100%| O|  |TAMS 0x00000000c5200000, 0x00000000c5100000| Untracked 
|   6|0x00000000c5200000, 0x00000000c5300000, 0x00000000c5300000|100%| O|  |TAMS 0x00000000c5300000, 0x00000000c5200000| Untracked 
|   7|0x00000000c5300000, 0x00000000c5400000, 0x00000000c5400000|100%| O|  |TAMS 0x00000000c5400000, 0x00000000c5300000| Untracked 
|   8|0x00000000c5400000, 0x00000000c5500000, 0x00000000c5500000|100%| O|  |TAMS 0x00000000c5500000, 0x00000000c5400000| Untracked 
|   9|0x00000000c5500000, 0x00000000c5600000, 0x00000000c5600000|100%| O|  |TAMS 0x00000000c5600000, 0x00000000c5500000| Untracked 
|  10|0x00000000c5600000, 0x00000000c5700000, 0x00000000c5700000|100%| O|  |TAMS 0x00000000c5700000, 0x00000000c5600000| Untracked 
|  11|0x00000000c5700000, 0x00000000c5800000, 0x00000000c5800000|100%| O|  |TAMS 0x00000000c5800000, 0x00000000c5700000| Untracked 
|  12|0x00000000c5800000, 0x00000000c5900000, 0x00000000c5900000|100%| O|  |TAMS 0x00000000c5900000, 0x00000000c5800000| Untracked 
|  13|0x00000000c5900000, 0x00000000c5a00000, 0x00000000c5a00000|100%| O|  |TAMS 0x00000000c5a00000, 0x00000000c5900000| Untracked 
|  14|0x00000000c5a00000, 0x00000000c5a96400, 0x00000000c5b00000| 58%| O|  |TAMS 0x00000000c5a96400, 0x00000000c5a00000| Untracked 
|  15|0x00000000c5b00000, 0x00000000c5c00000, 0x00000000c5c00000|100%| O|  |TAMS 0x00000000c5c00000, 0x00000000c5b00000| Untracked 
|  16|0x00000000c5c00000, 0x00000000c5d00000, 0x00000000c5d00000|100%| O|  |TAMS 0x00000000c5d00000, 0x00000000c5c00000| Untracked 
|  17|0x00000000c5d00000, 0x00000000c5e00000, 0x00000000c5e00000|100%| O|  |TAMS 0x00000000c5e00000, 0x00000000c5d00000| Untracked 
|  18|0x00000000c5e00000, 0x00000000c5f00000, 0x00000000c5f00000|100%| O|  |TAMS 0x00000000c5f00000, 0x00000000c5e00000| Untracked 
|  19|0x00000000c5f00000, 0x00000000c6000000, 0x00000000c6000000|100%| O|  |TAMS 0x00000000c6000000, 0x00000000c5f00000| Untracked 
|  20|0x00000000c6000000, 0x00000000c6100000, 0x00000000c6100000|100%| O|  |TAMS 0x00000000c6100000, 0x00000000c6000000| Untracked 
|  21|0x00000000c6100000, 0x00000000c6200000, 0x00000000c6200000|100%| O|  |TAMS 0x00000000c6200000, 0x00000000c6100000| Untracked 
|  22|0x00000000c6200000, 0x00000000c6300000, 0x00000000c6300000|100%| O|  |TAMS 0x00000000c6300000, 0x00000000c6200000| Untracked 
|  23|0x00000000c6300000, 0x00000000c6400000, 0x00000000c6400000|100%| O|  |TAMS 0x00000000c631ce00, 0x00000000c6300000| Untracked 
|  24|0x00000000c6400000, 0x00000000c6500000, 0x00000000c6500000|100%| O|  |TAMS 0x00000000c6400000, 0x00000000c6400000| Untracked 
|  25|0x00000000c6500000, 0x00000000c6600000, 0x00000000c6600000|100%| O|  |TAMS 0x00000000c6500000, 0x00000000c6500000| Untracked 
|  26|0x00000000c6600000, 0x00000000c6700000, 0x00000000c6700000|100%| O|  |TAMS 0x00000000c6600000, 0x00000000c6600000| Untracked 
|  27|0x00000000c6700000, 0x00000000c67a1000, 0x00000000c6800000| 62%| O|  |TAMS 0x00000000c6700000, 0x00000000c6700000| Untracked 
|  28|0x00000000c6800000, 0x00000000c6800000, 0x00000000c6900000|  0%| F|  |TAMS 0x00000000c6800000, 0x00000000c6800000| Untracked 
|  29|0x00000000c6900000, 0x00000000c6900000, 0x00000000c6a00000|  0%| F|  |TAMS 0x00000000c6900000, 0x00000000c6900000| Untracked 
|  30|0x00000000c6a00000, 0x00000000c6a00000, 0x00000000c6b00000|  0%| F|  |TAMS 0x00000000c6a00000, 0x00000000c6a00000| Untracked 
|  31|0x00000000c6b00000, 0x00000000c6b00000, 0x00000000c6c00000|  0%| F|  |TAMS 0x00000000c6b00000, 0x00000000c6b00000| Untracked 
|  32|0x00000000c6c00000, 0x00000000c6c00000, 0x00000000c6d00000|  0%| F|  |TAMS 0x00000000c6c00000, 0x00000000c6c00000| Untracked 
|  33|0x00000000c6d00000, 0x00000000c6d00000, 0x00000000c6e00000|  0%| F|  |TAMS 0x00000000c6d00000, 0x00000000c6d00000| Untracked 
|  34|0x00000000c6e00000, 0x00000000c6e00000, 0x00000000c6f00000|  0%| F|  |TAMS 0x00000000c6e00000, 0x00000000c6e00000| Untracked 
|  35|0x00000000c6f00000, 0x00000000c6f00000, 0x00000000c7000000|  0%| F|  |TAMS 0x00000000c6f00000, 0x00000000c6f00000| Untracked 
|  36|0x00000000c7000000, 0x00000000c7000000, 0x00000000c7100000|  0%| F|  |TAMS 0x00000000c7000000, 0x00000000c7000000| Untracked 
|  37|0x00000000c7100000, 0x00000000c7100000, 0x00000000c7200000|  0%| F|  |TAMS 0x00000000c7100000, 0x00000000c7100000| Untracked 
|  38|0x00000000c7200000, 0x00000000c7200000, 0x00000000c7300000|  0%| F|  |TAMS 0x00000000c7200000, 0x00000000c7200000| Untracked 
|  39|0x00000000c7300000, 0x00000000c7390ba0, 0x00000000c7400000| 56%| S|CS|TAMS 0x00000000c7300000, 0x00000000c7300000| Complete 
|  40|0x00000000c7400000, 0x00000000c7500000, 0x00000000c7500000|100%| S|CS|TAMS 0x00000000c7400000, 0x00000000c7400000| Complete 
|  41|0x00000000c7500000, 0x00000000c7600000, 0x00000000c7600000|100%| S|CS|TAMS 0x00000000c7500000, 0x00000000c7500000| Complete 
|  42|0x00000000c7600000, 0x00000000c7600000, 0x00000000c7700000|  0%| F|  |TAMS 0x00000000c7600000, 0x00000000c7600000| Untracked 
|  43|0x00000000c7700000, 0x00000000c7700000, 0x00000000c7800000|  0%| F|  |TAMS 0x00000000c7700000, 0x00000000c7700000| Untracked 
|  44|0x00000000c7800000, 0x00000000c7800000, 0x00000000c7900000|  0%| F|  |TAMS 0x00000000c7800000, 0x00000000c7800000| Untracked 
|  45|0x00000000c7900000, 0x00000000c7900000, 0x00000000c7a00000|  0%| F|  |TAMS 0x00000000c7900000, 0x00000000c7900000| Untracked 
|  46|0x00000000c7a00000, 0x00000000c7a00000, 0x00000000c7b00000|  0%| F|  |TAMS 0x00000000c7a00000, 0x00000000c7a00000| Untracked 
|  47|0x00000000c7b00000, 0x00000000c7b00000, 0x00000000c7c00000|  0%| F|  |TAMS 0x00000000c7b00000, 0x00000000c7b00000| Untracked 
|  48|0x00000000c7c00000, 0x00000000c7c00000, 0x00000000c7d00000|  0%| F|  |TAMS 0x00000000c7c00000, 0x00000000c7c00000| Untracked 
|  49|0x00000000c7d00000, 0x00000000c7d7d890, 0x00000000c7e00000| 49%| E|  |TAMS 0x00000000c7d00000, 0x00000000c7d00000| Complete 
|  50|0x00000000c7e00000, 0x00000000c7f00000, 0x00000000c7f00000|100%| E|CS|TAMS 0x00000000c7e00000, 0x00000000c7e00000| Complete 
|  51|0x00000000c7f00000, 0x00000000c8000000, 0x00000000c8000000|100%| E|CS|TAMS 0x00000000c7f00000, 0x00000000c7f00000| Complete 
|  52|0x00000000c8000000, 0x00000000c8100000, 0x00000000c8100000|100%| E|CS|TAMS 0x00000000c8000000, 0x00000000c8000000| Complete 
|  53|0x00000000c8100000, 0x00000000c8200000, 0x00000000c8200000|100%| E|CS|TAMS 0x00000000c8100000, 0x00000000c8100000| Complete 
|  54|0x00000000c8200000, 0x00000000c8300000, 0x00000000c8300000|100%| E|CS|TAMS 0x00000000c8200000, 0x00000000c8200000| Complete 
|  55|0x00000000c8300000, 0x00000000c8400000, 0x00000000c8400000|100%| E|CS|TAMS 0x00000000c8300000, 0x00000000c8300000| Complete 
|  56|0x00000000c8400000, 0x00000000c8500000, 0x00000000c8500000|100%| E|CS|TAMS 0x00000000c8400000, 0x00000000c8400000| Complete 
|  57|0x00000000c8500000, 0x00000000c8600000, 0x00000000c8600000|100%| E|CS|TAMS 0x00000000c8500000, 0x00000000c8500000| Complete 
|  58|0x00000000c8600000, 0x00000000c8700000, 0x00000000c8700000|100%| E|CS|TAMS 0x00000000c8600000, 0x00000000c8600000| Complete 
|  59|0x00000000c8700000, 0x00000000c8800000, 0x00000000c8800000|100%| E|CS|TAMS 0x00000000c8700000, 0x00000000c8700000| Complete 
|  60|0x00000000c8800000, 0x00000000c8900000, 0x00000000c8900000|100%| E|CS|TAMS 0x00000000c8800000, 0x00000000c8800000| Complete 
|  61|0x00000000c8900000, 0x00000000c8a00000, 0x00000000c8a00000|100%| E|CS|TAMS 0x00000000c8900000, 0x00000000c8900000| Complete 
|  62|0x00000000c8a00000, 0x00000000c8b00000, 0x00000000c8b00000|100%| E|CS|TAMS 0x00000000c8a00000, 0x00000000c8a00000| Complete 
|  63|0x00000000c8b00000, 0x00000000c8c00000, 0x00000000c8c00000|100%| E|CS|TAMS 0x00000000c8b00000, 0x00000000c8b00000| Complete 
|  64|0x00000000c8c00000, 0x00000000c8d00000, 0x00000000c8d00000|100%| E|CS|TAMS 0x00000000c8c00000, 0x00000000c8c00000| Complete 
|  65|0x00000000c8d00000, 0x00000000c8e00000, 0x00000000c8e00000|100%| E|CS|TAMS 0x00000000c8d00000, 0x00000000c8d00000| Complete 
|  66|0x00000000c8e00000, 0x00000000c8f00000, 0x00000000c8f00000|100%| E|CS|TAMS 0x00000000c8e00000, 0x00000000c8e00000| Complete 
|  67|0x00000000c8f00000, 0x00000000c9000000, 0x00000000c9000000|100%| E|CS|TAMS 0x00000000c8f00000, 0x00000000c8f00000| Complete 
|  68|0x00000000c9000000, 0x00000000c9100000, 0x00000000c9100000|100%| E|  |TAMS 0x00000000c9000000, 0x00000000c9000000| Complete 

Card table byte_map: [0x000002be5e530000,0x000002be5e710000] _byte_map_base: 0x000002be5df0a000

Marking Bits (Prev, Next): (CMBitMap*) 0x000002be47cc3380, (CMBitMap*) 0x000002be47cc3340
 Prev Bits: [0x000002be5f7c0000, 0x000002be60690000)
 Next Bits: [0x000002be5e8f0000, 0x000002be5f7c0000)

Polling page: 0x000002be45b90000

Metaspace:

Usage:
  Non-class:     60.27 MB used.
      Class:      9.82 MB used.
       Both:     70.10 MB used.

Virtual space:
  Non-class space:       64.00 MB reserved,      60.56 MB ( 95%) committed,  1 nodes.
      Class space:        1.00 GB reserved,      10.06 MB ( <1%) committed,  1 nodes.
             Both:        1.06 GB reserved,      70.62 MB (  6%) committed. 

Chunk freelists:
   Non-Class:  3.20 MB
       Class:  5.82 MB
        Both:  9.02 MB

MaxMetaspaceSize: unlimited
CompressedClassSpaceSize: 1.00 GB
Initial GC threshold: 21.00 MB
Current GC threshold: 98.75 MB
CDS: on
MetaspaceReclaimPolicy: balanced
 - commit_granule_bytes: 65536.
 - commit_granule_words: 8192.
 - virtual_space_node_default_size: 8388608.
 - enlarge_chunks_in_place: 1.
 - new_chunks_are_fully_committed: 0.
 - uncommit_free_chunks: 1.
 - use_allocation_guard: 0.
 - handle_deallocations: 1.


Internal statistics:

num_allocs_failed_limit: 9.
num_arena_births: 816.
num_arena_deaths: 0.
num_vsnodes_births: 2.
num_vsnodes_deaths: 0.
num_space_committed: 1130.
num_space_uncommitted: 0.
num_chunks_returned_to_freelist: 9.
num_chunks_taken_from_freelist: 3409.
num_chunk_merges: 9.
num_chunk_splits: 2460.
num_chunks_enlarged: 1930.
num_inconsistent_stats: 0.

CodeHeap 'non-profiled nmethods': size=120000Kb used=3160Kb max_used=3200Kb free=116839Kb
 bounds [0x000002be57000000, 0x000002be57350000, 0x000002be5e530000]
CodeHeap 'profiled nmethods': size=120000Kb used=10357Kb max_used=11778Kb free=109642Kb
 bounds [0x000002be4f530000, 0x000002be500c0000, 0x000002be56a60000]
CodeHeap 'non-nmethods': size=5760Kb used=1375Kb max_used=1438Kb free=4384Kb
 bounds [0x000002be56a60000, 0x000002be56cd0000, 0x000002be57000000]
 total_blobs=6123 nmethods=5424 adapters=611
 compilation: enabled
              stopped_count=0, restarted_count=0
 full_count=0

Compilation events (20 events):
Event: 12.322 Thread 0x000002be62c16a40 6270       2       jdk.internal.reflect.ReflectionFactory::newMethodAccessor (120 bytes)
Event: 12.323 Thread 0x000002be62c16a40 nmethod 6270 0x000002be4f824f10 code [0x000002be4f825180, 0x000002be4f8259d8]
Event: 12.323 Thread 0x000002be62c16a40 6271       2       jdk.internal.reflect.Reflection::isCallerSensitive (24 bytes)
Event: 12.324 Thread 0x000002be62c16a40 nmethod 6271 0x000002be4fbedb90 code [0x000002be4fbeddc0, 0x000002be4fbee378]
Event: 12.324 Thread 0x000002be62c16a40 6272       2       jdk.internal.reflect.DelegatingMethodAccessorImpl::<init> (10 bytes)
Event: 12.324 Thread 0x000002be62c16a40 nmethod 6272 0x000002be4ff74f90 code [0x000002be4ff75120, 0x000002be4ff75278]
Event: 12.335 Thread 0x000002be62c16a40 6273       2       org.springframework.beans.PropertyEditorRegistrySupport::useConfigValueEditors (6 bytes)
Event: 12.335 Thread 0x000002be62c16a40 nmethod 6273 0x000002be50036310 code [0x000002be500364a0, 0x000002be500365b8]
Event: 12.335 Thread 0x000002be62c16a40 6274       2       org.springframework.beans.factory.support.AbstractBeanFactory$BeanFactoryDefaultEditorRegistrar::<init> (10 bytes)
Event: 12.335 Thread 0x000002be62c16a40 nmethod 6274 0x000002be4fbed810 code [0x000002be4fbed9a0, 0x000002be4fbedaf8]
Event: 12.337 Thread 0x000002be62c16a40 6275       2       org.springframework.beans.factory.support.AbstractBeanFactory::registerCustomEditors (113 bytes)
Event: 12.337 Thread 0x000002be62c16a40 nmethod 6275 0x000002be4fcb2910 code [0x000002be4fcb2b20, 0x000002be4fcb2fb8]
Event: 12.337 Thread 0x000002be62c16a40 6276       2       java.lang.ThreadLocal$ThreadLocalMap::cleanSomeSlots (61 bytes)
Event: 12.338 Thread 0x000002be62c16a40 nmethod 6276 0x000002be4fcb2310 code [0x000002be4fcb24c0, 0x000002be4fcb2738]
Event: 12.346 Thread 0x000002be62c16a40 6277   !   2       org.springframework.beans.factory.annotation.AutowiredAnnotationBeanPostProcessor::findAutowiringMetadata (124 bytes)
Event: 12.346 Thread 0x000002be62c16a40 nmethod 6277 0x000002be4f706e90 code [0x000002be4f7070a0, 0x000002be4f7075b8]
Event: 12.349 Thread 0x000002be62c16a40 6278       2       org.springframework.core.annotation.AnnotationTypeMapping::isCompatibleReturnType (19 bytes)
Event: 12.349 Thread 0x000002be62c16a40 nmethod 6278 0x000002be4f706a90 code [0x000002be4f706c20, 0x000002be4f706da8]
Event: 12.350 Thread 0x000002be62c16a40 6279       2       org.springframework.core.annotation.AnnotationTypeMapping::isAliasPair (17 bytes)
Event: 12.350 Thread 0x000002be62c16a40 nmethod 6279 0x000002be4f706710 code [0x000002be4f7068a0, 0x000002be4f7069b8]

GC Heap History (20 events):
Event: 3.889 GC heap before
{Heap before GC invocations=4 (full 0):
 garbage-first heap   total 61440K, used 42349K [0x00000000c4c00000, 0x0000000100000000)
  region size 1024K, 33 young (33792K), 4 survivors (4096K)
 Metaspace       used 21194K, committed 21440K, reserved 1114112K
  class space    used 2641K, committed 2752K, reserved 1048576K
}
Event: 3.899 GC heap after
{Heap after GC invocations=5 (full 0):
 garbage-first heap   total 61440K, used 15142K [0x00000000c4c00000, 0x0000000100000000)
  region size 1024K, 3 young (3072K), 3 survivors (3072K)
 Metaspace       used 21194K, committed 21440K, reserved 1114112K
  class space    used 2641K, committed 2752K, reserved 1048576K
}
Event: 3.920 GC heap before
{Heap before GC invocations=5 (full 0):
 garbage-first heap   total 61440K, used 15142K [0x00000000c4c00000, 0x0000000100000000)
  region size 1024K, 4 young (4096K), 3 survivors (3072K)
 Metaspace       used 21302K, committed 21504K, reserved 1114112K
  class space    used 2663K, committed 2752K, reserved 1048576K
}
Event: 3.924 GC heap after
{Heap after GC invocations=6 (full 0):
 garbage-first heap   total 61440K, used 15461K [0x00000000c4c00000, 0x0000000100000000)
  region size 1024K, 1 young (1024K), 1 survivors (1024K)
 Metaspace       used 21302K, committed 21504K, reserved 1114112K
  class space    used 2663K, committed 2752K, reserved 1048576K
}
Event: 5.116 GC heap before
{Heap before GC invocations=7 (full 0):
 garbage-first heap   total 58368K, used 43109K [0x00000000c4c00000, 0x0000000100000000)
  region size 1024K, 29 young (29696K), 1 survivors (1024K)
 Metaspace       used 26316K, committed 26688K, reserved 1114112K
  class space    used 3413K, committed 3584K, reserved 1048576K
}
Event: 5.124 GC heap after
{Heap after GC invocations=8 (full 0):
 garbage-first heap   total 58368K, used 17907K [0x00000000c4c00000, 0x0000000100000000)
  region size 1024K, 3 young (3072K), 3 survivors (3072K)
 Metaspace       used 26316K, committed 26688K, reserved 1114112K
  class space    used 3413K, committed 3584K, reserved 1048576K
}
Event: 5.746 GC heap before
{Heap before GC invocations=8 (full 0):
 garbage-first heap   total 58368K, used 42483K [0x00000000c4c00000, 0x0000000100000000)
  region size 1024K, 28 young (28672K), 3 survivors (3072K)
 Metaspace       used 31618K, committed 32000K, reserved 1114112K
  class space    used 4080K, committed 4288K, reserved 1048576K
}
Event: 5.756 GC heap after
{Heap after GC invocations=9 (full 0):
 garbage-first heap   total 58368K, used 19756K [0x00000000c4c00000, 0x0000000100000000)
  region size 1024K, 2 young (2048K), 2 survivors (2048K)
 Metaspace       used 31618K, committed 32000K, reserved 1114112K
  class space    used 4080K, committed 4288K, reserved 1048576K
}
Event: 6.116 GC heap before
{Heap before GC invocations=9 (full 0):
 garbage-first heap   total 58368K, used 37164K [0x00000000c4c00000, 0x0000000100000000)
  region size 1024K, 20 young (20480K), 2 survivors (2048K)
 Metaspace       used 35753K, committed 36096K, reserved 1114112K
  class space    used 4789K, committed 4928K, reserved 1048576K
}
Event: 6.121 GC heap after
{Heap after GC invocations=10 (full 0):
 garbage-first heap   total 70656K, used 20377K [0x00000000c4c00000, 0x0000000100000000)
  region size 1024K, 3 young (3072K), 3 survivors (3072K)
 Metaspace       used 35753K, committed 36096K, reserved 1114112K
  class space    used 4789K, committed 4928K, reserved 1048576K
}
Event: 7.363 GC heap before
{Heap before GC invocations=11 (full 0):
 garbage-first heap   total 70656K, used 54169K [0x00000000c4c00000, 0x0000000100000000)
  region size 1024K, 36 young (36864K), 3 survivors (3072K)
 Metaspace       used 47798K, committed 48320K, reserved 1114112K
  class space    used 6261K, committed 6528K, reserved 1048576K
}
Event: 7.372 GC heap after
{Heap after GC invocations=12 (full 0):
 garbage-first heap   total 70656K, used 23295K [0x00000000c4c00000, 0x0000000100000000)
  region size 1024K, 5 young (5120K), 5 survivors (5120K)
 Metaspace       used 47798K, committed 48320K, reserved 1114112K
  class space    used 6261K, committed 6528K, reserved 1048576K
}
Event: 8.476 GC heap before
{Heap before GC invocations=12 (full 0):
 garbage-first heap   total 70656K, used 52991K [0x00000000c4c00000, 0x0000000100000000)
  region size 1024K, 35 young (35840K), 5 survivors (5120K)
 Metaspace       used 55499K, committed 56064K, reserved 1114112K
  class space    used 7472K, committed 7744K, reserved 1048576K
}
Event: 8.488 GC heap after
{Heap after GC invocations=13 (full 0):
 garbage-first heap   total 70656K, used 25133K [0x00000000c4c00000, 0x0000000100000000)
  region size 1024K, 2 young (2048K), 2 survivors (2048K)
 Metaspace       used 55499K, committed 56064K, reserved 1114112K
  class space    used 7472K, committed 7744K, reserved 1048576K
}
Event: 9.199 GC heap before
{Heap before GC invocations=13 (full 0):
 garbage-first heap   total 70656K, used 43565K [0x00000000c4c00000, 0x0000000100000000)
  region size 1024K, 21 young (21504K), 2 survivors (2048K)
 Metaspace       used 59939K, committed 60480K, reserved 1114112K
  class space    used 8074K, committed 8320K, reserved 1048576K
}
Event: 9.204 GC heap after
{Heap after GC invocations=14 (full 0):
 garbage-first heap   total 70656K, used 25706K [0x00000000c4c00000, 0x0000000100000000)
  region size 1024K, 3 young (3072K), 3 survivors (3072K)
 Metaspace       used 59939K, committed 60480K, reserved 1114112K
  class space    used 8074K, committed 8320K, reserved 1048576K
}
Event: 10.850 GC heap before
{Heap before GC invocations=15 (full 0):
 garbage-first heap   total 70656K, used 55402K [0x00000000c4c00000, 0x0000000100000000)
  region size 1024K, 32 young (32768K), 3 survivors (3072K)
 Metaspace       used 65198K, committed 65728K, reserved 1114112K
  class space    used 9022K, committed 9280K, reserved 1048576K
}
Event: 10.856 GC heap after
{Heap after GC invocations=16 (full 0):
 garbage-first heap   total 70656K, used 28000K [0x00000000c4c00000, 0x0000000100000000)
  region size 1024K, 4 young (4096K), 4 survivors (4096K)
 Metaspace       used 65198K, committed 65728K, reserved 1114112K
  class space    used 9022K, committed 9280K, reserved 1048576K
}
Event: 11.650 GC heap before
{Heap before GC invocations=16 (full 0):
 garbage-first heap   total 70656K, used 54624K [0x00000000c4c00000, 0x0000000100000000)
  region size 1024K, 31 young (31744K), 4 survivors (4096K)
 Metaspace       used 69190K, committed 69760K, reserved 1114112K
  class space    used 9676K, committed 9920K, reserved 1048576K
}
Event: 11.656 GC heap after
{Heap after GC invocations=17 (full 0):
 garbage-first heap   total 70656K, used 30495K [0x00000000c4c00000, 0x0000000100000000)
  region size 1024K, 3 young (3072K), 3 survivors (3072K)
 Metaspace       used 69190K, committed 69760K, reserved 1114112K
  class space    used 9676K, committed 9920K, reserved 1048576K
}

Deoptimization events (20 events):
Event: 12.158 Thread 0x000002be47c7f9d0 DEOPT PACKING pc=0x000002be4fdb7494 sp=0x000000d2c76fa8e0
Event: 12.159 Thread 0x000002be47c7f9d0 DEOPT UNPACKING pc=0x000002be56ab66e3 sp=0x000000d2c76f9d78 mode 0
Event: 12.192 Thread 0x000002be47c7f9d0 Uncommon trap: trap_request=0xffffff45 fr.pc=0x000002be5727202c relative=0x0000000000000a4c
Event: 12.192 Thread 0x000002be47c7f9d0 Uncommon trap: reason=unstable_if action=reinterpret pc=0x000002be5727202c method=java.net.URL.isBuiltinStreamHandler(Ljava/net/URLStreamHandler;)Z @ 13 c2
Event: 12.192 Thread 0x000002be47c7f9d0 DEOPT PACKING pc=0x000002be5727202c sp=0x000000d2c76fa840
Event: 12.192 Thread 0x000002be47c7f9d0 DEOPT UNPACKING pc=0x000002be56ab5ba3 sp=0x000000d2c76fa768 mode 2
Event: 12.236 Thread 0x000002be47c7f9d0 DEOPT PACKING pc=0x000002be4fdb7494 sp=0x000000d2c76fbc20
Event: 12.236 Thread 0x000002be47c7f9d0 DEOPT UNPACKING pc=0x000002be56ab66e3 sp=0x000000d2c76fb0b8 mode 0
Event: 12.282 Thread 0x000002be47c7f9d0 Uncommon trap: trap_request=0xffffff45 fr.pc=0x000002be5713cd34 relative=0x00000000000001f4
Event: 12.282 Thread 0x000002be47c7f9d0 Uncommon trap: reason=unstable_if action=reinterpret pc=0x000002be5713cd34 method=org.springframework.beans.factory.support.AbstractAutowireCapableBeanFactory.determineTargetType(Ljava/lang/String;Lorg/springframework/beans/factory/support/RootBeanDefinit
Event: 12.282 Thread 0x000002be47c7f9d0 DEOPT PACKING pc=0x000002be5713cd34 sp=0x000000d2c76fe040
Event: 12.282 Thread 0x000002be47c7f9d0 DEOPT UNPACKING pc=0x000002be56ab5ba3 sp=0x000000d2c76fe018 mode 2
Event: 12.290 Thread 0x000002be47c7f9d0 Uncommon trap: trap_request=0xffffff45 fr.pc=0x000002be57010034 relative=0x00000000000001b4
Event: 12.290 Thread 0x000002be47c7f9d0 Uncommon trap: reason=unstable_if action=reinterpret pc=0x000002be57010034 method=java.lang.String.hashCode()I @ 20 c2
Event: 12.290 Thread 0x000002be47c7f9d0 DEOPT PACKING pc=0x000002be57010034 sp=0x000000d2c76fce00
Event: 12.290 Thread 0x000002be47c7f9d0 DEOPT UNPACKING pc=0x000002be56ab5ba3 sp=0x000000d2c76fcd90 mode 2
Event: 12.334 Thread 0x000002be47c7f9d0 Uncommon trap: trap_request=0xffffffde fr.pc=0x000002be5727125c relative=0x000000000000013c
Event: 12.334 Thread 0x000002be47c7f9d0 Uncommon trap: reason=class_check action=maybe_recompile pc=0x000002be5727125c method=java.lang.reflect.Method.equals(Ljava/lang/Object;)Z @ 1 c2
Event: 12.334 Thread 0x000002be47c7f9d0 DEOPT PACKING pc=0x000002be5727125c sp=0x000000d2c76fe580
Event: 12.334 Thread 0x000002be47c7f9d0 DEOPT UNPACKING pc=0x000002be56ab5ba3 sp=0x000000d2c76fe508 mode 2

Classes unloaded (0 events):
No events

Classes redefined (0 events):
No events

Internal exceptions (20 events):
Event: 8.775 Thread 0x000002be47c7f9d0 Exception <a 'java/lang/NoSuchMethodError'{0x00000000c8656b98}: 'void java.lang.invoke.DirectMethodHandle$Holder.invokeInterface(java.lang.Object, java.lang.Object)'> (0x00000000c8656b98) 
thrown [s\open\src\hotspot\share\interpreter\linkResolver.cpp, line 759]
Event: 9.087 Thread 0x000002be47c7f9d0 Exception <a 'java/lang/NoSuchMethodError'{0x00000000c82e1f00}: 'java.lang.Object java.lang.invoke.DirectMethodHandle$Holder.invokeSpecial(java.lang.Object, java.lang.Object, int, java.lang.Object, int)'> (0x00000000c82e1f00) 
thrown [s\open\src\hotspot\share\interpreter\linkResolver.cpp, line 759]
Event: 9.191 Thread 0x000002be47c7f9d0 Exception <a 'java/lang/IncompatibleClassChangeError'{0x00000000c7eaf290}: Found class java.lang.Object, but interface was expected> (0x00000000c7eaf290) 
thrown [s\open\src\hotspot\share\interpreter\linkResolver.cpp, line 826]
Event: 9.271 Thread 0x000002be47c7f9d0 Exception <a 'java/lang/IncompatibleClassChangeError'{0x00000000c8fe42e8}: Found class java.lang.Object, but interface was expected> (0x00000000c8fe42e8) 
thrown [s\open\src\hotspot\share\interpreter\linkResolver.cpp, line 826]
Event: 9.455 Thread 0x000002be47c7f9d0 Exception <a 'java/lang/IncompatibleClassChangeError'{0x00000000c885db18}: Found class java.lang.Object, but interface was expected> (0x00000000c885db18) 
thrown [s\open\src\hotspot\share\interpreter\linkResolver.cpp, line 826]
Event: 9.552 Thread 0x000002be47c7f9d0 Exception <a 'java/lang/reflect/InvocationTargetException'{0x00000000c86ad750}> (0x00000000c86ad750) 
thrown [s\open\src\hotspot\share\runtime\reflection.cpp, line 1121]
Event: 9.562 Thread 0x000002be47c7f9d0 Exception <a 'java/lang/NoSuchMethodError'{0x00000000c8511308}: 'int java.lang.invoke.DirectMethodHandle$Holder.invokeStatic(java.lang.Object, java.lang.Object, int)'> (0x00000000c8511308) 
thrown [s\open\src\hotspot\share\interpreter\linkResolver.cpp, line 759]
Event: 9.573 Thread 0x000002be47c7f9d0 Exception <a 'java/lang/IncompatibleClassChangeError'{0x00000000c8554c18}: Found class java.lang.Object, but interface was expected> (0x00000000c8554c18) 
thrown [s\open\src\hotspot\share\interpreter\linkResolver.cpp, line 826]
Event: 9.574 Thread 0x000002be47c7f9d0 Exception <a 'java/lang/IncompatibleClassChangeError'{0x00000000c855b9f0}: Found class java.lang.Object, but interface was expected> (0x00000000c855b9f0) 
thrown [s\open\src\hotspot\share\interpreter\linkResolver.cpp, line 826]
Event: 9.629 Thread 0x000002be47c7f9d0 Exception <a 'java/lang/NoSuchMethodError'{0x00000000c831a978}: 'java.lang.Object java.lang.invoke.DirectMethodHandle$Holder.invokeStatic(java.lang.Object, int, java.lang.Object)'> (0x00000000c831a978) 
thrown [s\open\src\hotspot\share\interpreter\linkResolver.cpp, line 759]
Event: 9.877 Thread 0x000002be47c7f9d0 Exception <a 'java/lang/NoSuchMethodError'{0x00000000c7f61b48}: 'long java.lang.invoke.DirectMethodHandle$Holder.invokeVirtual(java.lang.Object, java.lang.Object)'> (0x00000000c7f61b48) 
thrown [s\open\src\hotspot\share\interpreter\linkResolver.cpp, line 759]
Event: 10.370 Thread 0x000002be47c7f9d0 Exception <a 'java/lang/reflect/InvocationTargetException'{0x00000000c7846010}> (0x00000000c7846010) 
thrown [s\open\src\hotspot\share\runtime\reflection.cpp, line 1121]
Event: 10.538 Thread 0x000002be47c7f9d0 Exception <a 'java/lang/reflect/InvocationTargetException'{0x00000000c77ffba0}> (0x00000000c77ffba0) 
thrown [s\open\src\hotspot\share\runtime\reflection.cpp, line 1121]
Event: 10.552 Thread 0x000002be47c7f9d0 Exception <a 'java/lang/reflect/InvocationTargetException'{0x00000000c7628310}> (0x00000000c7628310) 
thrown [s\open\src\hotspot\share\runtime\reflection.cpp, line 1121]
Event: 11.419 Thread 0x000002be47c7f9d0 Exception <a 'java/lang/NoSuchMethodError'{0x00000000c7b11530}: 'java.lang.Object java.lang.invoke.DirectMethodHandle$Holder.newInvokeSpecial(java.lang.Object, java.lang.Object, java.lang.Object, java.lang.Object, int)'> (0x00000000c7b11530) 
thrown [s\open\src\hotspot\share\interpreter\linkResolver.cpp, line 759]
Event: 11.420 Thread 0x000002be47c7f9d0 Exception <a 'java/lang/NoSuchMethodError'{0x00000000c7b15c78}: 'java.lang.Object java.lang.invoke.DirectMethodHandle$Holder.invokeSpecial(java.lang.Object, java.lang.Object, java.lang.Object, java.lang.Object, java.lang.Object, int)'> (0x00000000c7b15c78) 
thrown [s\open\src\hotspot\share\interpreter\linkResolver.cpp, line 759]
Event: 11.420 Thread 0x000002be47c7f9d0 Exception <a 'java/lang/NoSuchMethodError'{0x00000000c7b19c68}: 'java.lang.Object java.lang.invoke.Invokers$Holder.linkToTargetMethod(java.lang.Object, java.lang.Object, java.lang.Object, int, java.lang.Object)'> (0x00000000c7b19c68) 
thrown [s\open\src\hotspot\share\interpreter\linkResolver.cpp, line 759]
Event: 11.535 Thread 0x000002be47c7f9d0 Exception <a 'java/lang/reflect/InvocationTargetException'{0x00000000c7866b20}> (0x00000000c7866b20) 
thrown [s\open\src\hotspot\share\runtime\reflection.cpp, line 1121]
Event: 12.066 Thread 0x000002be47c7f9d0 Exception <a 'sun/nio/fs/WindowsException'{0x00000000c87de540}> (0x00000000c87de540) 
thrown [s\open\src\hotspot\share\prims\jni.cpp, line 516]
Event: 12.164 Thread 0x000002be47c7f9d0 Exception <a 'java/lang/IncompatibleClassChangeError'{0x00000000c84745f0}: Found class java.lang.Object, but interface was expected> (0x00000000c84745f0) 
thrown [s\open\src\hotspot\share\interpreter\linkResolver.cpp, line 826]

VM Operations (20 events):
Event: 10.871 Executing VM operation: HandshakeAllThreads
Event: 10.871 Executing VM operation: HandshakeAllThreads done
Event: 10.887 Executing VM operation: HandshakeAllThreads
Event: 10.887 Executing VM operation: HandshakeAllThreads done
Event: 10.893 Executing VM operation: HandshakeAllThreads
Event: 10.893 Executing VM operation: HandshakeAllThreads done
Event: 10.902 Executing VM operation: HandshakeAllThreads
Event: 10.902 Executing VM operation: HandshakeAllThreads done
Event: 11.020 Executing VM operation: HandshakeAllThreads
Event: 11.020 Executing VM operation: HandshakeAllThreads done
Event: 11.522 Executing VM operation: ICBufferFull
Event: 11.522 Executing VM operation: ICBufferFull done
Event: 11.650 Executing VM operation: G1CollectForAllocation
Event: 11.656 Executing VM operation: G1CollectForAllocation done
Event: 11.891 Executing VM operation: HandshakeAllThreads
Event: 11.891 Executing VM operation: HandshakeAllThreads done
Event: 11.938 Executing VM operation: HandshakeAllThreads
Event: 11.938 Executing VM operation: HandshakeAllThreads done
Event: 12.178 Executing VM operation: HandshakeAllThreads
Event: 12.178 Executing VM operation: HandshakeAllThreads done

Events (20 events):
Event: 10.892 Thread 0x000002be62c19b40 flushing nmethod 0x000002be4ff21910
Event: 10.892 Thread 0x000002be62c19b40 flushing nmethod 0x000002be4ff54790
Event: 10.892 Thread 0x000002be62c19b40 flushing nmethod 0x000002be4ff55b90
Event: 10.892 Thread 0x000002be62c19b40 flushing nmethod 0x000002be4ff57010
Event: 10.892 Thread 0x000002be62c19b40 flushing nmethod 0x000002be4ff5ef90
Event: 10.892 Thread 0x000002be62c19b40 flushing nmethod 0x000002be4ff5f310
Event: 10.892 Thread 0x000002be62c19b40 flushing nmethod 0x000002be4ff62210
Event: 10.892 Thread 0x000002be62c19b40 flushing nmethod 0x000002be4ff63a90
Event: 10.892 Thread 0x000002be62c19b40 flushing nmethod 0x000002be4ff74f90
Event: 10.892 loading class java/util/ArrayList$ListItr done
Event: 10.893 Thread 0x000002be62c19b40 flushing nmethod 0x000002be4ffed890
Event: 10.893 Thread 0x000002be62c19b40 flushing nmethod 0x000002be5002a510
Event: 10.893 Thread 0x000002be62c19b40 flushing nmethod 0x000002be50036310
Event: 10.893 Thread 0x000002be62c19b40 flushing nmethod 0x000002be50036e10
Event: 12.115 loading class java/util/EnumMap$EntrySet
Event: 12.116 loading class java/util/EnumMap$EntrySet done
Event: 12.116 loading class java/util/EnumMap$EntryIterator
Event: 12.116 loading class java/util/EnumMap$EnumMapIterator
Event: 12.116 loading class java/util/EnumMap$EnumMapIterator done
Event: 12.116 loading class java/util/EnumMap$EntryIterator done


Dynamic libraries:
0x00007ff64e6a0000 - 0x00007ff64e6b0000 	C:\Program Files\Java\jdk-17\bin\java.exe
0x00007fff49220000 - 0x00007fff49480000 	C:\WINDOWS\SYSTEM32\ntdll.dll
0x00007fff47710000 - 0x00007fff477d7000 	C:\WINDOWS\System32\KERNEL32.DLL
0x00007fff46400000 - 0x00007fff467ca000 	C:\WINDOWS\System32\KERNELBASE.dll
0x00007fff46e40000 - 0x00007fff46f8b000 	C:\WINDOWS\System32\ucrtbase.dll
0x00007fff280a0000 - 0x00007fff280b9000 	C:\Program Files\Java\jdk-17\bin\jli.dll
0x00007fff1edb0000 - 0x00007fff1edcb000 	C:\Program Files\Java\jdk-17\bin\VCRUNTIME140.dll
0x00007fff479c0000 - 0x00007fff47a72000 	C:\WINDOWS\System32\ADVAPI32.dll
0x00007fff49130000 - 0x00007fff491d9000 	C:\WINDOWS\System32\msvcrt.dll
0x00007fff48ee0000 - 0x00007fff48f86000 	C:\WINDOWS\System32\sechost.dll
0x00007fff47aa0000 - 0x00007fff47bb6000 	C:\WINDOWS\System32\RPCRT4.dll
0x00007fff48c00000 - 0x00007fff48dcc000 	C:\WINDOWS\System32\USER32.dll
0x00007fff2c6d0000 - 0x00007fff2c967000 	C:\WINDOWS\WinSxS\amd64_microsoft.windows.common-controls_6595b64144ccf1df_6.0.26100.3624_none_3e086962e3345f24\COMCTL32.dll
0x00007fff46e10000 - 0x00007fff46e37000 	C:\WINDOWS\System32\win32u.dll
0x00007fff48930000 - 0x00007fff4895a000 	C:\WINDOWS\System32\GDI32.dll
0x00007fff46cd0000 - 0x00007fff46e01000 	C:\WINDOWS\System32\gdi32full.dll
0x00007fff467d0000 - 0x00007fff46873000 	C:\WINDOWS\System32\msvcp_win.dll
0x00007fff32260000 - 0x00007fff3226b000 	C:\WINDOWS\SYSTEM32\VERSION.dll
0x00007fff49070000 - 0x00007fff4909f000 	C:\WINDOWS\System32\IMM32.DLL
0x00007fff2e3b0000 - 0x00007fff2e3bc000 	C:\Program Files\Java\jdk-17\bin\vcruntime140_1.dll
0x00007fff11da0000 - 0x00007fff11e2e000 	C:\Program Files\Java\jdk-17\bin\msvcp140.dll
0x00007ffeb92c0000 - 0x00007ffeb9ea0000 	C:\Program Files\Java\jdk-17\bin\server\jvm.dll
0x00007fff3af40000 - 0x00007fff3af76000 	C:\WINDOWS\SYSTEM32\WINMM.dll
0x00007fff47590000 - 0x00007fff47598000 	C:\WINDOWS\System32\PSAPI.DLL
0x00007fff249a0000 - 0x00007fff249aa000 	C:\WINDOWS\SYSTEM32\WSOCK32.dll
0x00007fff47600000 - 0x00007fff47674000 	C:\WINDOWS\System32\WS2_32.dll
0x00007fff45210000 - 0x00007fff4522a000 	C:\WINDOWS\SYSTEM32\kernel.appcore.dll
0x00007fff27af0000 - 0x00007fff27afa000 	C:\Program Files\Java\jdk-17\bin\jimage.dll
0x00007fff43b80000 - 0x00007fff43dc1000 	C:\WINDOWS\SYSTEM32\DBGHELP.DLL
0x00007fff48450000 - 0x00007fff487d2000 	C:\WINDOWS\System32\combase.dll
0x00007fff48f90000 - 0x00007fff49066000 	C:\WINDOWS\System32\OLEAUT32.dll
0x00007fff25b00000 - 0x00007fff25b39000 	C:\WINDOWS\SYSTEM32\dbgcore.DLL
0x00007fff46ab0000 - 0x00007fff46b49000 	C:\WINDOWS\System32\bcryptPrimitives.dll
0x00007fff12090000 - 0x00007fff120b5000 	C:\Program Files\Java\jdk-17\bin\java.dll
0x00007ffeec1c0000 - 0x00007ffeec297000 	C:\Program Files\Java\jdk-17\bin\jsvml.dll
0x00007fff47bc0000 - 0x00007fff482e9000 	C:\WINDOWS\System32\SHELL32.dll
0x00007fff46880000 - 0x00007fff469e8000 	C:\WINDOWS\System32\wintypes.dll
0x00007fff43f40000 - 0x00007fff44792000 	C:\WINDOWS\SYSTEM32\windows.storage.dll
0x00007fff48de0000 - 0x00007fff48ecd000 	C:\WINDOWS\System32\SHCORE.dll
0x00007fff487e0000 - 0x00007fff48844000 	C:\WINDOWS\System32\shlwapi.dll
0x00007fff46310000 - 0x00007fff4633f000 	C:\WINDOWS\SYSTEM32\profapi.dll
0x00007fff1c000000 - 0x00007fff1c019000 	C:\Program Files\Java\jdk-17\bin\net.dll
0x00007fff35b20000 - 0x00007fff35c3d000 	C:\WINDOWS\SYSTEM32\WINHTTP.dll
0x00007fff45730000 - 0x00007fff4579a000 	C:\WINDOWS\system32\mswsock.dll
0x00007fff1bc10000 - 0x00007fff1bc26000 	C:\Program Files\Java\jdk-17\bin\nio.dll
0x00007fff1a480000 - 0x00007fff1a498000 	C:\Program Files\Java\jdk-17\bin\zip.dll
0x00007fff247e0000 - 0x00007fff247ee000 	C:\Program Files\Java\jdk-17\bin\sunmscapi.dll
0x00007fff46b50000 - 0x00007fff46cc7000 	C:\WINDOWS\System32\CRYPT32.dll
0x00007fff45c40000 - 0x00007fff45c70000 	C:\WINDOWS\SYSTEM32\ncrypt.dll
0x00007fff45bf0000 - 0x00007fff45c2f000 	C:\WINDOWS\SYSTEM32\NTASN1.dll
0x00007fff459d0000 - 0x00007fff459ec000 	C:\WINDOWS\SYSTEM32\CRYPTSP.dll
0x00007fff45170000 - 0x00007fff451aa000 	C:\WINDOWS\system32\rsaenh.dll
0x00007fff457d0000 - 0x00007fff457fb000 	C:\WINDOWS\SYSTEM32\USERENV.dll
0x00007fff462e0000 - 0x00007fff46306000 	C:\WINDOWS\SYSTEM32\bcrypt.dll
0x00007fff459f0000 - 0x00007fff459fc000 	C:\WINDOWS\SYSTEM32\CRYPTBASE.dll
0x00007fff44c50000 - 0x00007fff44c83000 	C:\WINDOWS\SYSTEM32\IPHLPAPI.DLL
0x00007fff47580000 - 0x00007fff4758a000 	C:\WINDOWS\System32\NSI.dll
0x00007fff3d0e0000 - 0x00007fff3d0ff000 	C:\WINDOWS\SYSTEM32\dhcpcsvc6.DLL
0x00007fff3d040000 - 0x00007fff3d065000 	C:\WINDOWS\SYSTEM32\dhcpcsvc.DLL
0x00007fff44cf0000 - 0x00007fff44e15000 	C:\WINDOWS\SYSTEM32\DNSAPI.dll
0x00007fff24990000 - 0x00007fff2499a000 	C:\Program Files\Java\jdk-17\bin\management.dll
0x00007fff24410000 - 0x00007fff2441b000 	C:\Program Files\Java\jdk-17\bin\management_ext.dll
0x00007fff20f10000 - 0x00007fff20f20000 	C:\Program Files\Java\jdk-17\bin\verify.dll
0x00007fff342e0000 - 0x00007fff342eb000 	C:\Windows\System32\rasadhlp.dll
0x00007fff3d850000 - 0x00007fff3d8d5000 	C:\WINDOWS\System32\fwpuclnt.dll

dbghelp: loaded successfully - version: 4.0.5 - missing functions: none
symbol engine: initialized successfully - sym options: 0x614 - pdb path: .;C:\Program Files\Java\jdk-17\bin;C:\WINDOWS\SYSTEM32;C:\WINDOWS\WinSxS\amd64_microsoft.windows.common-controls_6595b64144ccf1df_6.0.26100.3624_none_3e086962e3345f24;C:\Program Files\Java\jdk-17\bin\server

VM Arguments:
jvm_args: -XX:+ShowCodeDetailsInExceptionMessages 
java_command: app.AppApplication
java_class_path (initial): C:\Users\ultra\OneDrive\Área de Trabalho\Alexander\app\app\target\classes;C:\Users\ultra\.m2\repository\org\springframework\boot\spring-boot-starter-data-jpa\3.4.5\spring-boot-starter-data-jpa-3.4.5.jar;C:\Users\ultra\.m2\repository\org\springframework\boot\spring-boot-starter\3.4.5\spring-boot-starter-3.4.5.jar;C:\Users\ultra\.m2\repository\org\springframework\boot\spring-boot\3.4.5\spring-boot-3.4.5.jar;C:\Users\ultra\.m2\repository\org\springframework\boot\spring-boot-autoconfigure\3.4.5\spring-boot-autoconfigure-3.4.5.jar;C:\Users\ultra\.m2\repository\org\springframework\boot\spring-boot-starter-logging\3.4.5\spring-boot-starter-logging-3.4.5.jar;C:\Users\ultra\.m2\repository\ch\qos\logback\logback-classic\1.5.18\logback-classic-1.5.18.jar;C:\Users\ultra\.m2\repository\ch\qos\logback\logback-core\1.5.18\logback-core-1.5.18.jar;C:\Users\ultra\.m2\repository\org\apache\logging\log4j\log4j-to-slf4j\2.24.3\log4j-to-slf4j-2.24.3.jar;C:\Users\ultra\.m2\repository\org\apache\logging\log4j\log4j-api\2.24.3\log4j-api-2.24.3.jar;C:\Users\ultra\.m2\repository\org\slf4j\jul-to-slf4j\2.0.17\jul-to-slf4j-2.0.17.jar;C:\Users\ultra\.m2\repository\jakarta\annotation\jakarta.annotation-api\2.1.1\jakarta.annotation-api-2.1.1.jar;C:\Users\ultra\.m2\repository\org\yaml\snakeyaml\2.3\snakeyaml-2.3.jar;C:\Users\ultra\.m2\repository\org\springframework\boot\spring-boot-starter-jdbc\3.4.5\spring-boot-starter-jdbc-3.4.5.jar;C:\Users\ultra\.m2\repository\com\zaxxer\HikariCP\5.1.0\HikariCP-5.1.0.jar;C:\Users\ultra\.m2\repository\org\springframework\spring-jdbc\6.2.6\spring-jdbc-6.2.6.jar;C:\Users\ultra\.m2\repository\org\hibernate\orm\hibernate-core\6.6.13.Final\hibernate-core-6.6.13.Final.jar;C:\Users\ultra\.m2\repository\jakarta\persistence\jakarta.persistence-api\3.1.0\jakarta.persistence-api-3.1.0.jar;C:\Users\ultra\.m2\repository\jakarta\transaction\jakarta.transaction-api\2.0.1\jakarta.transaction-api-2.0.1.jar;C:\Users\ultra\.m2\repository\org\jboss\logg
Launcher Type: SUN_STANDARD

[Global flags]
     intx CICompilerCount                          = 3                                         {product} {ergonomic}
     uint ConcGCThreads                            = 1                                         {product} {ergonomic}
     uint G1ConcRefinementThreads                  = 4                                         {product} {ergonomic}
   size_t G1HeapRegionSize                         = 1048576                                   {product} {ergonomic}
    uintx GCDrainStackTargetSize                   = 64                                        {product} {ergonomic}
   size_t InitialHeapSize                          = 62914560                                  {product} {ergonomic}
   size_t MarkStackSize                            = 4194304                                   {product} {ergonomic}
   size_t MaxHeapSize                              = 994050048                                 {product} {ergonomic}
   size_t MaxNewSize                               = 595591168                                 {product} {ergonomic}
   size_t MinHeapDeltaBytes                        = 1048576                                   {product} {ergonomic}
   size_t MinHeapSize                              = 8388608                                   {product} {ergonomic}
    uintx NonNMethodCodeHeapSize                   = 5832780                                {pd product} {ergonomic}
    uintx NonProfiledCodeHeapSize                  = 122912730                              {pd product} {ergonomic}
    uintx ProfiledCodeHeapSize                     = 122912730                              {pd product} {ergonomic}
    uintx ReservedCodeCacheSize                    = 251658240                              {pd product} {ergonomic}
     bool SegmentedCodeCache                       = true                                      {product} {ergonomic}
     bool ShowCodeDetailsInExceptionMessages       = true                                   {manageable} {command line}
   size_t SoftMaxHeapSize                          = 994050048                              {manageable} {ergonomic}
     bool UseCompressedClassPointers               = true                           {product lp64_product} {ergonomic}
     bool UseCompressedOops                        = true                           {product lp64_product} {ergonomic}
     bool UseG1GC                                  = true                                      {product} {ergonomic}
     bool UseLargePagesIndividualAllocation        = false                                  {pd product} {ergonomic}

Logging:
Log output configuration:
 #0: stdout all=warning uptime,level,tags
 #1: stderr all=off uptime,level,tags

Environment Variables:
PATH=C:\Program Files\Common Files\Oracle\Java\javapath;C:\Program Files (x86)\Common Files\Oracle\Java\java8path;C:\Program Files (x86)\Common Files\Oracle\Java\javapath;C:\WINDOWS\system32;C:\WINDOWS;C:\WINDOWS\System32\Wbem;C:\WINDOWS\System32\WindowsPowerShell\v1.0\;C:\WINDOWS\System32\OpenSSH\;C:\Program Files\Git\cmd;C:\Program Files\nodejs\;C:\Users\ultra\AppData\Local\Programs\Python\Python313\;C:\Users\ultra\AppData\Local\Programs\Python\Python313\Scripts\;C:\Users\ultra\AppData\Local\Programs\Python\Launcher\;C:\Program Files\MySQL\MySQL Shell 8.0\bin\;C:\Users\ultra\AppData\Local\Microsoft\WindowsApps;C:\Users\ultra\AppData\Local\Programs\Microsoft VS Code\bin;C:\Users\ultra\AppData\Roaming\npm;
USERNAME=ultra
LANG=en_US.UTF-8
OS=Windows_NT
PROCESSOR_IDENTIFIER=Intel64 Family 6 Model 140 Stepping 1, GenuineIntel



---------------  S Y S T E M  ---------------

OS:
 Windows 11 , 64 bit Build 26100 (10.0.26100.3775)
OS uptime: 6 days 9:21 hours
Hyper-V role detected

CPU: total 4 (initial active 4) (2 cores per cpu, 2 threads per core) family 6 model 140 stepping 1 microcode 0xa4, cx8, cmov, fxsr, ht, mmx, 3dnowpref, sse, sse2, sse3, ssse3, sse4.1, sse4.2, popcnt, lzcnt, tsc, tscinvbit, avx, avx2, aes, erms, clmul, bmi1, bmi2, adx, avx512f, avx512dq, avx512cd, avx512bw, avx512vl, sha, fma, vzeroupper, avx512_vpopcntdq, avx512_vpclmulqdq, avx512_vaes, avx512_vnni, clflush, clflushopt, clwb, avx512_vbmi2, avx512_vbmi, hv

Memory: 4k page, system-wide physical 3790M (286M free)
TotalPageFile size 15566M (AvailPageFile size 16M)
current process WorkingSet (physical memory assigned to process): 233M, peak: 239M
current process commit charge ("private bytes"): 307M, peak: 316M

vm_info: Java HotSpot(TM) 64-Bit Server VM (17.0.12+8-LTS-286) for windows-amd64 JRE (17.0.12+8-LTS-286), built on Jun  5 2024 06:46:59 by "mach5one" with MS VC++ 17.6 (VS2022)

END.
